[[38;5;220m[[38;5;161mSUB2[0m][0001] -- Subscriber-2 initialization
[[38;5;161mSUB2[0m][INFO] -- PID: 30372
[[38;5;161mSUB2[0m][INFO] -- Time period: 4000
[[38;5;161mSUB2[0m][INFO] -- Message length: 4
[[38;5;161mSUB2[0m][INFO] -- Pipe 1R: 11
[[38;5;161mSUB2[0m][INFO] -- Pipe 1W: 12
[[38;5;161mSUB2[0m][INFO] -- Pipe 2R: 13
[[38;5;161mSUB2[0m][INFO] -- Pipe 2W: 14
[[38;5;161mSUB2[0m][INFO] -- Awaiting semaphore release
[[38;5;161mSUB2[0m][INFO] -- Semaphore released
[[38;5;161mSUB2[0m][0001] -- Requesting message...
[[38;5;161mSUB2[0m][0001] -- Writing 4 bytes to pipe (FD 12)
[[38;5;161mSUB2[0m][0001] -- 4 bytes written to pipe (FD 12)
[[38;5;161mSUB2[0m][0001] -- Active pipe (FD 13)
[[38;5;161mSUB2[0m][0001] -- Awaiting message...
[[38;5;161mSUB2[0m][0001] -- Reading 4 bytes from pipe (FD 13)
[[38;5;161mSUB2[0m][0001] -- 4 bytes read from pipe (FD 13)
[[38;5;161mSUB2[0m][0001] -- Subscribing message: [ezle]
[[38;5;161mSUB2[0m][0002] -- Requesting message...
[[38;5;161mSUB2[0m][0002] -- Writing 4 bytes to pipe (FD 12)
[[38;5;161mSUB2[0m][0002] -- 4 bytes written to pipe (FD 12)
[[38;5;161mSUB2[0m][0002] -- Active pipe (FD 13)
[[38;5;161mSUB2[0m][0002] -- Awaiting message...
[[38;5;161mSUB2[0m][0002] -- Reading 4 bytes from pipe (FD 13)
[[38;5;161mSUB2[0m][0002] -- 4 bytes read from pipe (FD 13)
[[38;5;161mSUB2[0m][0002] -- Subscribing message: [cyec]
[[38;5;161mSUB2[0m][0003] -- Requesting message...
[[38;5;161mSUB2[0m][0003] -- Writing 4 bytes to pipe (FD 12)
[[38;5;161mSUB2[0m][0003] -- 4 bytes written to pipe (FD 12)
[[38;5;161mSUB2[0m][0003] -- Active pipe (FD 13)
[[38;5;161mSUB2[0m][0003] -- Awaiting message...
[[38;5;161mSUB2[0m][0003] -- Reading 4 bytes from pipe (FD 13)
[[38;5;161mSUB2[0m][0003] -- 4 bytes read from pipe (FD 13)
[[38;5;161mSUB2[0m][0003] -- Subscribing message: [psht]
[[38;5;161mSUB2[0m][0004] -- Requesting message...
[[38;5;161mSUB2[0m][0004] -- Writing 4 bytes to pipe (FD 12)
[[38;5;161mSUB2[0m][0004] -- 4 bytes written to pipe (FD 12)
[[38;5;161mSUB2[0m][0004] -- Active pipe (FD 13)
[[38;5;161mSUB2[0m][0004] -- Awaiting message...
[[38;5;161mSUB2[0m][0004] -- Reading 4 bytes from pipe (FD 13)
[[38;5;161mSUB2[0m][0004] -- 4 bytes read from pipe (FD 13)
[[38;5;161mSUB2[0m][0004] -- Subscribing message: [gkll]
[[38;5;161mSUB2[0m][0005] -- Requesting message...
[[38;5;161mSUB2[0m][0005] -- Writing 4 bytes to pipe (FD 12)
[[38;5;161mSUB2[0m][0005] -- 4 bytes written to pipe (FD 12)
[[38;5;161mSUB2[0m][0005] -- Active pipe (FD 13)
[[38;5;161mSUB2[0m][0005] -- Awaiting message...
[[38;5;161mSUB2[0m][0005] -- Reading 4 bytes from pipe (FD 13)
[[38;5;161mSUB2[0m][0005] -- 4 bytes read from pipe (FD 13)
[[38;5;161mSUB2[0m][0005] -- Subscribing message: [behc]
[[38;5;161mSUB2[0m][0006] -- Requesting message...
[[38;5;161mSUB2[0m][0006] -- Writing 4 bytes to pipe (FD 12)
[[38;5;161mSUB2[0m][0006] -- 4 bytes written to pipe (FD 12)
[[38;5;161mSUB2[0m][0006] -- Active pipe (FD 13)
[[38;5;161mSUB2[0m][0006] -- Awaiting message...
[[38;5;161mSUB2[0m][0006] -- Reading 4 bytes from pipe (FD 13)
[[38;5;161mSUB2[0m][0006] -- 4 bytes read from pipe (FD 13)
[[38;5;161mSUB2[0m][0006] -- Subscribing message: [nzbr]
[[38;5;161mSUB2[0m][0007] -- Requesting message...
[[38;5;161mSUB2[0m][0007] -- Writing 4 bytes to pipe (FD 12)
[[38;5;161mSUB2[0m][0007] -- 4 bytes written to pipe (FD 12)
[[38;5;161mSUB2[0m][0007] -- Active pipe (FD 13)
[[38;5;161mSUB2[0m][0007] -- Awaiting message...
[[38;5;161mSUB2[0m][0007] -- Reading 4 bytes from pipe (FD 13)
[[38;5;161mSUB2[0m][0007] -- 4 bytes read from pipe (FD 13)
[[38;5;161mSUB2[0m][0007] -- Subscribing message: [pufa]
[[38;5;161mSUB2[0m][0008] -- Requesting message...
[[38;5;161mSUB2[0m][0008] -- Writing 4 bytes to pipe (FD 12)
[[38;5;161mSUB2[0m][0008] -- 4 bytes written to pipe (FD 12)
[[38;5;161mSUB2[0m][0008] -- Active pipe (FD 13)
[[38;5;161mSUB2[0m][0008] -- Awaiting message...
[[38;5;161mSUB2[0m][0008] -- Reading 4 bytes from pipe (FD 13)
[[38;5;220mMEDI[0m][0052] -- Circular buffer: Mes[38;5;161mSUB2[0m][0008] -- 4 bytes read from pipe (FD 13)
[[38;5;161mSUB2[0m][0008] -- Subscribing message: [lmgv]
[[38;5;161mSUB2[0m][0009] -- Requesting message...
[[38;5;161mSUB2[0m][0009] -- Writing 4 bytes to pipe (FD 12)
[[38;5;161mSUB2[0m][0009] -- 4 bytes written to pipe (FD 12)
[[38;5;161mSUB2[0m][0009] -- Active pipe (FD 13)
[[38;5;161mSUB2[0m][0009] -- Awaiting message...
[[38;5;161mSUB2[0m][0009] -- Reading 4 bytes from pipe (FD 13)
[[38;5;161mSUB2[0m][0009] -- 4 bytes read from pipe (FD 13)
[[38;5;161mSUB2[0m][0009] -- Subscribing message: [uaoh]
[[38;5;161mSUB2[0m][0010] -- Requesting message...
[[38;5;161mSUB2[0m][0010] -- Writing 4 bytes to pipe (FD 12)
[[38;5;161mSUB2[0m][0010] -- 4 bytes written to pipe (FD 12)
[[38;5;161mSUB2[0m][0010] -- Active pipe (FD 13)
[[38;5;161mSUB2[0m][0010] -- Awaiting message...
[[38;5;161mSUB2[0m][0010] -- Reading 4 bytes from pipe (FD 13)
[[38;5;161mSUB2[0m][0010] -- 4 bytes read from pipe (FD 13)
[[38;5;161mSUB2[0m][0010] -- Subscribing message: [mlqp]
[[38;5;161mSUB2[0m][0011] -- Requesting message...
[[38;5;161mSUB2[0m][0011] -- Writing 4 bytes to pipe (FD 12)
[[38;5;161mSUB2[0m][0011] -- 4 bytes written to pipe (FD 12)
[[38;5;161mSUB2[0m][0011] -- Active pipe (FD 13)
[[38;5;161mSUB2[0m][0011] -- Awaiting message...
[[38;5;161mSUB2[0m][0011] -- Reading 4 bytes from pipe (FD 13)
[[38;5;161mSUB2[0m][0011] -- 4 bytes read from pipe (FD 13)
[[38;5;161mSUB2[0m][0011] -- Subscribing message: [fjih]
[[38;5;161mSUB2[0m][0012] -- Requesting message...
[[38;5;161mSUB2[0m][0012] -- Writing 4 bytes to pipe (FD 12)
[[38;5;161mSUB2[0m][0012] -- 4 bytes written to pipe (FD 12)
[[38;5;161mSUB2[0m][0012] -- Active pipe (FD 13)
[[38;5;161mSUB2[0m][0012] -- Awaiting message...
[[38;5;161mSUB2[0m][0012] -- Reading 4 bytes from pipe (FD 13)
[[38;5;161mSUB2[0m][0012] -- 4 bytes read from pipe (FD 13)
[[38;5;161mSUB2[0m][0012] -- Subscribing message: [ijyj]
[[38;5;161mSUB2[0m][0013] -- Requesting message...
[[38;5;161mSUB2[0m][0013] -- Writing 4 bytes to pipe (FD 12)
[[38;5;161mSUB2[0m][0013] -- 4 bytes written to pipe (FD 12)
[[38;5;161mSUB2[0m][0013] -- Active pipe (FD 13)
[[38;5;161mSUB2[0m][0013] -- Awaiting message...
[[38;5;161mSUB2[0m][0013] -- Reading 4 bytes from pipe (FD 13)
[[38;5;161mSUB2[0m][0013] -- 4 bytes read from pipe (FD 13)
[[38;5;161mSUB2[0m][0013] -- Subscribing message: [aqrq]
[[38;5;161mSUB2[0m][0014] -- Requesting message...
[[38;5;161mSUB2[0m][0014] -- Writing 4 bytes to pipe (FD 12)
[[38;5;161mSUB2[0m][0014] -- 4 bytes written to pipe (FD 12)
[[38;5;161mSUB2[0m][0014] -- Active pipe (FD 13)
[[38;5;161mSUB2[0m][0014] -- Awaiting message...
[[38;5;161mSUB2[0m][0014] -- Reading 4 bytes from pipe (FD 13)
[[38;5;161mSUB2[0m][0014] -- 4 bytes read from pipe (FD 13)
[[38;5;161mSUB2[0m][0014] -- Subscribing message: [aqrq]
[[38;5;161mSUB2[0m][0014][SIGNAL HANDLER] Process 30372 received signal: 10
[[38;5;161mSUB2[0m][0015] PID 30372: Exiting Subscriber-2
