[[38;5;84mPUB2[0m][0001] -- Publisher-2 initialization
[[38;5;84mPUB2[0m][INFO] -- PID: 30370
[[38;5;84mPUB2[0m][INFO] -- Time period: 2000
[[38;5;84mPUB2[0m][INFO] -- Message length: 4
[[38;5;84mPUB2[0m][INFO] -- Pipe 1W: 6
[[38;5;84mPUB2[0m][INFO] -- Awaiting semaphore release
[[38;5;84mPUB2[0m][INFO] -- Semaphore released
[[38;5;84mPUB2[0m][0001] -- Publishing message: [UYGO]
[[38;5;84mPUB2[0m][0001] -- Writing 4 bytes to pipe (FD 6)
[[38;5;84mPUB2[0m][0001] -- 4 bytes written to pipe (FD 6)
[[38;5;84mPUB2[0m][0002] -- Publishing message: [UKAA]
[[38;5;84mPUB2[0m][0002] -- Writing 4 bytes to pipe (FD 6)
[[38;5;84mPUB2[0m][0002] -- 4 bytes written to pipe (FD 6)
[[38;5;84mPUB2[0m][0003] -- Publishing message: [ASKI]
[[38;5;84mPUB2[0m][0003] -- Writing 4 bytes to pipe (FD 6)
[[38;5;84mPUB2[0m][0003] -- 4 bytes written to pipe (FD 6)
[[38;5;84mPUB2[0m][0004] -- Publishing message: [EIMK]
[[38;5;84mPUB2[0m][0004] -- Writing 4 bytes to pipe (FD 6)
[[38;5;84mPUB2[0m][0004] -- 4 bytes written to pipe (FD 6)
[[38;5;84mPUB2[0m][0005] -- Publishing message: [UMOE]
[[38;5;84mPUB2[0m][0005] -- Writing 4 bytes to pipe (FD 6)
[[38;5;84mPUB2[0m][0005] -- 4 bytes written to pipe (FD 6)
[[38;5;84mPUB2[0m][0006] -- Publishing message: [IAEW]
[[38;5;84mPUB2[0m][0006] -- Writing 4 bytes to pipe (FD 6)
[[38;5;84mPUB2[0m][0006] -- 4 bytes written to pipe (FD 6)
[[38;5;84mPUB2[0m][0007] -- Publishing message: [GAQK]
[[38;5;84mPUB2[0m][0007] -- Writing 4 bytes to pipe (FD 6)
[[38;5;84mPUB2[0m][0007] -- 4 bytes written to pipe (FD 6)
[[38;5;84mPUB2[0m][0008] -- Publishing message: [OEAU]
[[38;5;84mPUB2[0m][0008] -- Writing 4 bytes to pipe (FD 6)
[[38;5;84mPUB2[0m][0008] -- 4 bytes written to pipe (FD 6)
[[38;5;84mPUB2[0m][0009] -- Publishing message: [SGUC]
[[38;5;84mPUB2[0m][0009] -- Writing 4 bytes to pipe (FD 6)
[[38;5;84mPUB2[0m][0009] -- 4 bytes written to pipe (FD 6)
[[38;5;84mPUB2[0m][0010] -- Publishing message: [WAYW]
[[38;5;84mPUB2[0m][0010] -- Writing 4 bytes to pipe (FD 6)
[[38;5;84mPUB2[0m][0010] -- 4 bytes written to pipe (FD 6)
[[38;5;84mPUB2[0m][0010][SIGNAL HANDLER] Process 30370 received signal: 10
[[38;5;84mPUB2[0m][0011] PID 30370: Exiting Publisher-2
